<?xml version="1.0" encoding="UTF-8"?>
<!-- Generated by org.testng.reporters.JUnitReportReporter -->
<testsuite skipped="0" hostname="stacjonarnypotwor" name="meteoSelenium.ControlPanel" tests="1" failures="0" timestamp="06 sty 2018 22:39:40 GMT" time="4.852" errors="0">
  <testcase name="checkWeather" time="4.852" classname="meteoSelenium.ControlPanel"/>
</testsuite> <!-- meteoSelenium.ControlPanel -->
